<?xml version="1.0" encoding="UTF-8"?>
<!-- Generated by org.testng.reporters.JUnitReportReporter -->
<testsuite hostname="LAPTOP-D14572JH" failures="0" tests="8" name="Admin_launch.TC_ID_01" time="60.361" errors="0" timestamp="2023-11-28T16:12:46 IST" skipped="0">
  <testcase classname="Admin_launch.TC_ID_01" name="TC_ID_01_01" time="5.999"/>
  <system-out/>
  <testcase classname="Admin_launch.TC_ID_01" name="TC_ID_01_03" time="5.060"/>
  <system-out/>
  <testcase classname="Admin_launch.TC_ID_01" name="TC_ID_01_05" time="11.478"/>
  <system-out/>
  <testcase classname="Admin_launch.TC_ID_01" name="TC_ID_01_04" time="6.693"/>
  <system-out/>
  <testcase classname="Admin_launch.TC_ID_01" name="launchBrowser" time="4.514"/>
  <system-out>
    <![CDATA[======Browser session started=========
======Browser session started=========]]>
  </system-out>
  <testcase classname="Admin_launch.TC_ID_01" name="TC_ID_01_07" time="10.748"/>
  <system-out/>
  <testcase classname="Admin_launch.TC_ID_01" name="TC_ID_01_02" time="5.206"/>
  <system-out/>
  <testcase classname="Admin_launch.TC_ID_01" name="TC_ID_01_06" time="10.663"/>
  <system-out/>
</testsuite> <!-- Admin_launch.TC_ID_01 -->
