<?xml version="1.0" encoding="UTF-8"?>
<!-- Generated by org.testng.reporters.JUnitReportReporter -->
<testsuite hostname="LAPTOP-D14572JH" failures="0" tests="1" name="Admin_launch.Launch" time="7.661" errors="0" timestamp="2023-11-27T15:55:31 IST" skipped="0">
  <testcase classname="Admin_launch.Launch" name="launchBrowser" time="7.661"/>
  <system-out>
    <![CDATA[======Browser session started=========
======Browser session started=========]]>
  </system-out>
</testsuite> <!-- Admin_launch.Launch -->
